<?xml version="1.0" encoding="UTF-8"?>
<!-- Generated by org.testng.reporters.JUnitXMLReporter -->
<testsuite hostname="DC4-QVM-TMQA-08" name="Test" tests="6" failures="0" timestamp="22 Dec 2018 06:16:45 GMT" time="255.586" errors="0">
  <testcase name="testValidLogin5" time="31.207" classname="com.pulse.Test.ValidLogin3"/>
  <testcase name="testValidLogin1" time="32.927" classname="com.pulse.Test.ValidLogin"/>
  <testcase name="testValidLogin4" time="35.95" classname="com.pulse.Test.ValidLogin2"/>
  <testcase name="testValidLogin6" time="29.35" classname="com.pulse.Test.ValidLogin3"/>
  <testcase name="testValidLogin2" time="31.187" classname="com.pulse.Test.ValidLogin"/>
  <testcase name="testValidLogin3" time="37.531" classname="com.pulse.Test.ValidLogin2"/>
</testsuite> <!-- Test -->
