<?xml version="1.0" encoding="UTF-8"?>
<!-- Generated by org.testng.reporters.JUnitXMLReporter -->
<testsuite hostname="DESKTOP-IA0DLJF" name="ExtentWithParallelClasses" tests="8" failures="0" timestamp="20 Jan 2019 15:03:57 GMT" time="201.434" errors="0">
  <testcase name="TC5" time="0.323" classname="com.pulse.Test.ValidLogin3"/>
  <testcase name="TC7" time="0.219" classname="com.pulse.Test.ValidLogin4"/>
  <testcase name="TC1" time="0.317" classname="com.pulse.Test.ValidLogin"/>
  <testcase name="TC6" time="0.012" classname="com.pulse.Test.ValidLogin3"/>
  <testcase name="TC3" time="0.012" classname="com.pulse.Test.ValidLogin2"/>
  <testcase name="TC2" time="0.004" classname="com.pulse.Test.ValidLogin"/>
  <testcase name="TC4" time="0.002" classname="com.pulse.Test.ValidLogin2"/>
  <testcase name="TC8" time="0.0" classname="com.pulse.Test.ValidLogin4"/>
</testsuite> <!-- ExtentWithParallelClasses -->
